<?xml version="1.0" encoding="UTF-8"?>
<!-- Generated by org.testng.reporters.JUnitReportReporter -->
<testsuite skipped="10" hostname="DESKTOP-OPH57PF" name="testcases.Loginpage" tests="13" failures="0" timestamp="29 Sep 2021 06:33:34 GMT" time="14.418" errors="0">
  <testcase name="urlVerification" time="0.054" classname="testcases.Loginpage"/>
  <testcase name="displayUsernamePassword" time="0.183" classname="testcases.Loginpage"/>
  <testcase name="loginVerificationcorrectvalues" time="14.181" classname="testcases.Loginpage"/>
  <testcase name="signinRegisterVerification" classname="testcases.Loginpage">
    <skipped/>
  </testcase> <!-- signinRegisterVerification -->
  <testcase name="rememberedPasswordVerification" classname="testcases.Loginpage">
    <skipped/>
  </testcase> <!-- rememberedPasswordVerification -->
  <testcase name="forgotPasswordVerification" classname="testcases.Loginpage">
    <skipped/>
  </testcase> <!-- forgotPasswordVerification -->
  <testcase name="loginVerificationInvalidUsername" classname="testcases.Loginpage">
    <skipped/>
  </testcase> <!-- loginVerificationInvalidUsername -->
  <testcase name="loginVerificationrememberme" classname="testcases.Loginpage">
    <skipped/>
  </testcase> <!-- loginVerificationrememberme -->
  <testcase name="getyourAccountVerification" classname="testcases.Loginpage">
    <skipped/>
  </testcase> <!-- getyourAccountVerification -->
  <testcase name="loginVerificationInvalidUserPassword" classname="testcases.Loginpage">
    <skipped/>
  </testcase> <!-- loginVerificationInvalidUserPassword -->
  <testcase name="loginVerificationInvalidPassword" classname="testcases.Loginpage">
    <skipped/>
  </testcase> <!-- loginVerificationInvalidPassword -->
  <testcase name="logoutVerification" classname="testcases.Loginpage">
    <skipped/>
  </testcase> <!-- logoutVerification -->
  <testcase name="loginVerificationwithblankfields" classname="testcases.Loginpage">
    <skipped/>
  </testcase> <!-- loginVerificationwithblankfields -->
</testsuite> <!-- testcases.Loginpage -->
