<?xml version="1.0" encoding="UTF-8"?>
<!-- Generated by org.testng.reporters.JUnitReportReporter -->
<testsuite skipped="15" hostname="DESKTOP-OPH57PF" name="testcases.Dashboard" tests="17" failures="0" timestamp="28 Sep 2021 14:55:09 GMT" time="13.152" errors="0">
  <testcase name="notoificationBelliconVerification" time="7.843" classname="testcases.Dashboard"/>
  <testcase name="stockButtonVerification" time="5.309" classname="testcases.Dashboard"/>
  <testcase name="fileUploadVerification" classname="testcases.Dashboard">
    <skipped/>
  </testcase> <!-- fileUploadVerification -->
  <testcase name="bugButtonVerification" classname="testcases.Dashboard">
    <skipped/>
  </testcase> <!-- bugButtonVerification -->
  <testcase name="mailboxFunctionsVerification" classname="testcases.Dashboard">
    <skipped/>
  </testcase> <!-- mailboxFunctionsVerification -->
  <testcase name="invoicemoreInfoVerification" classname="testcases.Dashboard">
    <skipped/>
  </testcase> <!-- invoicemoreInfoVerification -->
  <testcase name="projectStatuschangeVerification" classname="testcases.Dashboard">
    <skipped/>
  </testcase> <!-- projectStatuschangeVerification -->
  <testcase name="calendarPageVerification" classname="testcases.Dashboard">
    <skipped/>
  </testcase> <!-- calendarPageVerification -->
  <testcase name="calculatorVerification" classname="testcases.Dashboard">
    <skipped/>
  </testcase> <!-- calculatorVerification -->
  <testcase name="activitiesVerification" classname="testcases.Dashboard">
    <skipped/>
  </testcase> <!-- activitiesVerification -->
  <testcase name="checkboxprojectVerification" classname="testcases.Dashboard">
    <skipped/>
  </testcase> <!-- checkboxprojectVerification -->
  <testcase name="Verification" classname="testcases.Dashboard">
    <skipped/>
  </testcase> <!-- Verification -->
  <testcase name="searchboxMenuVerification" classname="testcases.Dashboard">
    <skipped/>
  </testcase> <!-- searchboxMenuVerification -->
  <testcase name="iframeCountVerification" classname="testcases.Dashboard">
    <skipped/>
  </testcase> <!-- iframeCountVerification -->
  <testcase name="ScrolldowndashVerification" classname="testcases.Dashboard">
    <skipped/>
  </testcase> <!-- ScrolldowndashVerification -->
  <testcase name="mailboxPageVerification" classname="testcases.Dashboard">
    <skipped/>
  </testcase> <!-- mailboxPageVerification -->
  <testcase name="calculatorClearVerification" classname="testcases.Dashboard">
    <skipped/>
  </testcase> <!-- calculatorClearVerification -->
</testsuite> <!-- testcases.Dashboard -->
